[    0.000000] Linux version 4.15.0-117-generic (buildd@lcy01-amd64-008) (gcc version 7.5.0 (Ubuntu 7.5.0-3ubuntu1~18.04)) #118-Ubuntu SMP Fri Sep 4 20:02:41 UTC 2020 (Ubuntu 4.15.0-117.118-generic 4.15.18)
[    0.000000] Command line: BOOT_IMAGE=/boot/vmlinuz-4.15.0-117-generic root=UUID=c2139d1d-1f2d-497b-add7-1c0dd8291f7a ro console=tty1 console=ttyS0
[    0.000000] KERNEL supported cpus:
[    0.000000]   Intel GenuineIntel
[    0.000000]   AMD AuthenticAMD
[    0.000000]   Centaur CentaurHauls
[    0.000000] x86/fpu: Supporting XSAVE feature 0x001: 'x87 floating point registers'
[    0.000000] x86/fpu: Supporting XSAVE feature 0x002: 'SSE registers'
[    0.000000] x86/fpu: Supporting XSAVE feature 0x004: 'AVX registers'
[    0.000000] x86/fpu: xstate_offset[2]:  576, xstate_sizes[2]:  256
[    0.000000] x86/fpu: Enabled xstate features 0x7, context size is 832 bytes, using 'standard' format.
[    0.000000] e820: BIOS-provided physical RAM map:
[    0.000000] BIOS-e820: [mem 0x0000000000000000-0x000000000009fbff] usable
[    0.000000] BIOS-e820: [mem 0x000000000009fc00-0x000000000009ffff] reserved
[    0.000000] BIOS-e820: [mem 0x00000000000f0000-0x00000000000fffff] reserved
[    0.000000] BIOS-e820: [mem 0x0000000000100000-0x00000000dffeffff] usable
[    0.000000] BIOS-e820: [mem 0x00000000dfff0000-0x00000000dfffffff] ACPI data
[    0.000000] BIOS-e820: [mem 0x00000000fec00000-0x00000000fec00fff] reserved
[    0.000000] BIOS-e820: [mem 0x00000000fee00000-0x00000000fee00fff] reserved
[    0.000000] BIOS-e820: [mem 0x00000000fffc0000-0x00000000ffffffff] reserved
[    0.000000] BIOS-e820: [mem 0x0000000100000000-0x000000021fffffff] usable
[    0.000000] NX (Execute Disable) protection: active
[    0.000000] SMBIOS 2.5 present.
[    0.000000] DMI: innotek GmbH VirtualBox/VirtualBox, BIOS VirtualBox 12/01/2006
[    0.000000] Hypervisor detected: KVM
[    0.000000] e820: last_pfn = 0x220000 max_arch_pfn = 0x400000000
[    0.000000] MTRR: Disabled
[    0.000000] x86/PAT: MTRRs disabled, skipping PAT initialization too.
[    0.000000] CPU MTRRs all blank - virtualized system.
[    0.000000] x86/PAT: Configuration [0-7]: WB  WT  UC- UC  WB  WT  UC- UC  
[    0.000000] e820: last_pfn = 0xdfff0 max_arch_pfn = 0x400000000
[    0.000000] found SMP MP-table at [mem 0x0009fff0-0x0009ffff]
[    0.000000] Scanning 1 areas for low memory corruption
[    0.000000] RAMDISK: [mem 0x3595f000-0x36ca6fff]
[    0.000000] ACPI: Early table checksum verification disabled
[    0.000000] ACPI: RSDP 0x00000000000E0000 000024 (v02 VBOX  )
[    0.000000] ACPI: XSDT 0x00000000DFFF0030 00003C (v01 VBOX   VBOXXSDT 00000001 ASL  00000061)
[    0.000000] ACPI: FACP 0x00000000DFFF00F0 0000F4 (v04 VBOX   VBOXFACP 00000001 ASL  00000061)
[    0.000000] ACPI: DSDT 0x00000000DFFF0480 002325 (v02 VBOX   VBOXBIOS 00000002 INTL 20100528)
[    0.000000] ACPI: FACS 0x00000000DFFF0200 000040
[    0.000000] ACPI: FACS 0x00000000DFFF0200 000040
[    0.000000] ACPI: APIC 0x00000000DFFF0240 00006C (v02 VBOX   VBOXAPIC 00000001 ASL  00000061)
[    0.000000] ACPI: SSDT 0x00000000DFFF02B0 0001CC (v01 VBOX   VBOXCPUT 00000002 INTL 20100528)
[    0.000000] No NUMA configuration found
[    0.000000] Faking a node at [mem 0x0000000000000000-0x000000021fffffff]
[    0.000000] NODE_DATA(0) allocated [mem 0x21ffd1000-0x21fffbfff]
[    0.000000] kvm-clock: cpu 0, msr 2:1ff50001, primary cpu clock
[    0.000000] kvm-clock: Using msrs 4b564d01 and 4b564d00
[    0.000000] kvm-clock: using sched offset of 6716489088 cycles
[    0.000000] clocksource: kvm-clock: mask: 0xffffffffffffffff max_cycles: 0x1cd42e4dffb, max_idle_ns: 881590591483 ns
[    0.000000] Zone ranges:
[    0.000000]   DMA      [mem 0x0000000000001000-0x0000000000ffffff]
[    0.000000]   DMA32    [mem 0x0000000001000000-0x00000000ffffffff]
[    0.000000]   Normal   [mem 0x0000000100000000-0x000000021fffffff]
[    0.000000]   Device   empty
[    0.000000] Movable zone start for each node
[    0.000000] Early memory node ranges
[    0.000000]   node   0: [mem 0x0000000000001000-0x000000000009efff]
[    0.000000]   node   0: [mem 0x0000000000100000-0x00000000dffeffff]
[    0.000000]   node   0: [mem 0x0000000100000000-0x000000021fffffff]
[    0.000000] Reserved but unavailable: 98 pages
[    0.000000] Initmem setup node 0 [mem 0x0000000000001000-0x000000021fffffff]
[    0.000000] ACPI: PM-Timer IO Port: 0x4008
[    0.000000] IOAPIC[0]: apic_id 4, version 32, address 0xfec00000, GSI 0-23
[    0.000000] ACPI: INT_SRC_OVR (bus 0 bus_irq 0 global_irq 2 dfl dfl)
[    0.000000] ACPI: INT_SRC_OVR (bus 0 bus_irq 9 global_irq 9 low level)
[    0.000000] Using ACPI (MADT) for SMP configuration information
[    0.000000] smpboot: Allowing 4 CPUs, 0 hotplug CPUs
[    0.000000] PM: Registered nosave memory: [mem 0x00000000-0x00000fff]
[    0.000000] PM: Registered nosave memory: [mem 0x0009f000-0x0009ffff]
[    0.000000] PM: Registered nosave memory: [mem 0x000a0000-0x000effff]
[    0.000000] PM: Registered nosave memory: [mem 0x000f0000-0x000fffff]
[    0.000000] PM: Registered nosave memory: [mem 0xdfff0000-0xdfffffff]
[    0.000000] PM: Registered nosave memory: [mem 0xe0000000-0xfebfffff]
[    0.000000] PM: Registered nosave memory: [mem 0xfec00000-0xfec00fff]
[    0.000000] PM: Registered nosave memory: [mem 0xfec01000-0xfedfffff]
[    0.000000] PM: Registered nosave memory: [mem 0xfee00000-0xfee00fff]
[    0.000000] PM: Registered nosave memory: [mem 0xfee01000-0xfffbffff]
[    0.000000] PM: Registered nosave memory: [mem 0xfffc0000-0xffffffff]
[    0.000000] e820: [mem 0xe0000000-0xfebfffff] available for PCI devices
[    0.000000] Booting paravirtualized kernel on KVM
[    0.000000] clocksource: refined-jiffies: mask: 0xffffffff max_cycles: 0xffffffff, max_idle_ns: 7645519600211568 ns
[    0.000000] random: get_random_bytes called from start_kernel+0x99/0x500 with crng_init=0
[    0.000000] setup_percpu: NR_CPUS:8192 nr_cpumask_bits:4 nr_cpu_ids:4 nr_node_ids:1
[    0.000000] percpu: Embedded 45 pages/cpu s147456 r8192 d28672 u524288
[    0.000000] PV qspinlock hash table entries: 256 (order: 0, 4096 bytes)
[    0.000000] Built 1 zonelists, mobility grouping on.  Total pages: 2064249
[    0.000000] Policy zone: Normal
[    0.000000] Kernel command line: BOOT_IMAGE=/boot/vmlinuz-4.15.0-117-generic root=UUID=c2139d1d-1f2d-497b-add7-1c0dd8291f7a ro console=tty1 console=ttyS0
[    0.000000] Memory: 8141520K/8388152K available (12300K kernel code, 2481K rwdata, 4272K rodata, 2436K init, 2724K bss, 246632K reserved, 0K cma-reserved)
[    0.000000] SLUB: HWalign=64, Order=0-3, MinObjects=0, CPUs=4, Nodes=1
[    0.000000] Kernel/User page tables isolation: enabled
[    0.000000] ftrace: allocating 39392 entries in 154 pages
[    0.004000] Hierarchical RCU implementation.
[    0.004000] 	RCU restricting CPUs from NR_CPUS=8192 to nr_cpu_ids=4.
[    0.004000] 	Tasks RCU enabled.
[    0.004000] RCU: Adjusting geometry for rcu_fanout_leaf=16, nr_cpu_ids=4
[    0.004000] NR_IRQS: 524544, nr_irqs: 456, preallocated irqs: 16
[    0.004000] Console: colour VGA+ 80x25
[    0.004000] console [tty1] enabled
[    0.004000] console [ttyS0] enabled
[    0.004000] ACPI: Core revision 20170831
[    0.004000] ACPI: 2 ACPI AML tables successfully acquired and loaded
[    0.004000] APIC: Switch to symmetric I/O mode setup
[    0.004000] x2apic enabled
[    0.004010] Switched APIC routing to physical x2apic.
[    0.008000] ..TIMER: vector=0x30 apic1=0 pin1=2 apic2=-1 pin2=-1
[    0.008006] tsc: Detected 2194.916 MHz processor
[    0.012013] Calibrating delay loop (skipped) preset value.. 4389.83 BogoMIPS (lpj=8779664)
[    0.016008] pid_max: default: 32768 minimum: 301
[    0.018045] Security Framework initialized
[    0.020006] Yama: becoming mindful.
[    0.022173] AppArmor: AppArmor initialized
[    0.044429] Dentry cache hash table entries: 1048576 (order: 11, 8388608 bytes)
[    0.056493] Inode-cache hash table entries: 524288 (order: 10, 4194304 bytes)
[    0.060064] Mount-cache hash table entries: 16384 (order: 5, 131072 bytes)
[    0.064039] Mountpoint-cache hash table entries: 16384 (order: 5, 131072 bytes)
[    0.068744] Last level iTLB entries: 4KB 64, 2MB 8, 4MB 8
[    0.072007] Last level dTLB entries: 4KB 64, 2MB 0, 4MB 0, 1GB 4
[    0.076009] Spectre V1 : Mitigation: usercopy/swapgs barriers and __user pointer sanitization
[    0.080008] Spectre V2 : Mitigation: Full generic retpoline
[    0.084004] Spectre V2 : Spectre v2 / SpectreRSB mitigation: Filling RSB on context switch
[    0.088003] Speculative Store Bypass: Vulnerable
[    0.092060] SRBDS: Unknown: Dependent on hypervisor status
[    0.096004] MDS: Mitigation: Clear CPU buffers
[    0.100639] Freeing SMP alternatives memory: 36K
[    0.216128] smpboot: CPU0: Intel(R) Core(TM) i5-5200U CPU @ 2.20GHz (family: 0x6, model: 0x3d, stepping: 0x4)
[    0.220000] Performance Events: unsupported p6 CPU model 61 no PMU driver, software events only.
[    0.220080] Hierarchical SRCU implementation.
[    0.229246] NMI watchdog: Perf event create on CPU 0 failed with -2
[    0.232008] NMI watchdog: Perf NMI watchdog permanently disabled
[    0.236167] smp: Bringing up secondary CPUs ...
[    0.240286] x86: Booting SMP configuration:
[    0.242561] .... node  #0, CPUs:      #1
[    0.004000] kvm-clock: cpu 1, msr 2:1ff50041, secondary cpu clock
[    0.251160]  #2
[    0.004000] kvm-clock: cpu 2, msr 2:1ff50081, secondary cpu clock
[    0.260293]  #3
[    0.004000] kvm-clock: cpu 3, msr 2:1ff500c1, secondary cpu clock
[    0.266795] smp: Brought up 1 node, 4 CPUs
[    0.268005] smpboot: Max logical packages: 1
[    0.269809] smpboot: Total of 4 processors activated (17559.32 BogoMIPS)
[    0.272525] devtmpfs: initialized
[    0.276135] x86/mm: Memory block size: 128MB
[    0.280818] evm: security.selinux
[    0.282350] evm: security.SMACK64
[    0.283886] evm: security.SMACK64EXEC
[    0.284004] evm: security.SMACK64TRANSMUTE
[    0.285748] evm: security.SMACK64MMAP
[    0.288004] evm: security.apparmor
[    0.289926] evm: security.ima
[    0.292004] evm: security.capability
[    0.293665] clocksource: jiffies: mask: 0xffffffff max_cycles: 0xffffffff, max_idle_ns: 7645041785100000 ns
[    0.296027] futex hash table entries: 1024 (order: 4, 65536 bytes)
[    0.300130] pinctrl core: initialized pinctrl subsystem
[    0.304055] RTC time:  0:47:29, date: 09/11/20
[    0.306812] NET: Registered protocol family 16
[    0.308296] audit: initializing netlink subsys (disabled)
[    0.310626] audit: type=2000 audit(1599785260.738:1): state=initialized audit_enabled=0 res=1
[    0.312020] cpuidle: using governor ladder
[    0.316013] cpuidle: using governor menu
[    0.317838] ACPI: bus type PCI registered
[    0.320004] acpiphp: ACPI Hot Plug PCI Controller Driver version: 0.5
[    0.328284] PCI: Using configuration type 1 for base access
[    0.336412] HugeTLB registered 2.00 MiB page size, pre-allocated 0 pages
[    0.340219] ACPI: Added _OSI(Module Device)
[    0.344014] ACPI: Added _OSI(Processor Device)
[    0.346049] ACPI: Added _OSI(3.0 _SCP Extensions)
[    0.348018] ACPI: Added _OSI(Processor Aggregator Device)
[    0.350755] ACPI: Added _OSI(Linux-Dell-Video)
[    0.352006] ACPI: Added _OSI(Linux-Lenovo-NV-HDMI-Audio)
[    0.354125] ACPI: Added _OSI(Linux-HPI-Hybrid-Graphics)
[    0.356651] ACPI: Executed 1 blocks of module-level executable AML code
[    0.378100] ACPI: Interpreter enabled
[    0.380043] ACPI: (supports S0 S5)
[    0.382199] ACPI: Using IOAPIC for interrupt routing
[    0.385058] PCI: Using host bridge windows from ACPI; if necessary, use "pci=nocrs" and report a bug
[    0.388645] ACPI: Enabled 2 GPEs in block 00 to 07
[    0.417818] ACPI: PCI Root Bridge [PCI0] (domain 0000 [bus 00-ff])
[    0.420014] acpi PNP0A03:00: _OSC: OS supports [ASPM ClockPM Segments MSI]
[    0.425849] acpi PNP0A03:00: _OSC: not requesting OS control; OS requires [ExtendedConfig ASPM ClockPM MSI]
[    0.428033] acpi PNP0A03:00: fail to add MMCONFIG information, can't access extended PCI configuration space under this bridge.
[    0.433493] PCI host bridge to bus 0000:00
[    0.436013] pci_bus 0000:00: root bus resource [io  0x0000-0x0cf7 window]
[    0.439369] pci_bus 0000:00: root bus resource [io  0x0d00-0xffff window]
[    0.440011] pci_bus 0000:00: root bus resource [mem 0x000a0000-0x000bffff window]
[    0.444013] pci_bus 0000:00: root bus resource [mem 0xe0000000-0xfdffffff window]
[    0.448012] pci_bus 0000:00: root bus resource [bus 00-ff]
[    0.458799] pci 0000:00:01.1: legacy IDE quirk: reg 0x10: [io  0x01f0-0x01f7]
[    0.460012] pci 0000:00:01.1: legacy IDE quirk: reg 0x14: [io  0x03f6]
[    0.464014] pci 0000:00:01.1: legacy IDE quirk: reg 0x18: [io  0x0170-0x0177]
[    0.468010] pci 0000:00:01.1: legacy IDE quirk: reg 0x1c: [io  0x0376]
[    0.584861] pci 0000:00:07.0: quirk: [io  0x4000-0x403f] claimed by PIIX4 ACPI
[    0.587951] pci 0000:00:07.0: quirk: [io  0x4100-0x410f] claimed by PIIX4 SMB
[    0.668810] ACPI: PCI Interrupt Link [LNKA] (IRQs 5 9 10 *11)
[    0.672840] ACPI: PCI Interrupt Link [LNKB] (IRQs 5 9 *10 11)
[    0.676559] ACPI: PCI Interrupt Link [LNKC] (IRQs 5 *9 10 11)
[    0.680453] ACPI: PCI Interrupt Link [LNKD] (IRQs 5 9 10 *11)
[    0.684721] SCSI subsystem initialized
[    0.687006] pci 0000:00:02.0: vgaarb: setting as boot VGA device
[    0.687884] pci 0000:00:02.0: vgaarb: VGA device added: decodes=io+mem,owns=io+mem,locks=none
[    0.688017] pci 0000:00:02.0: vgaarb: bridge control possible
[    0.692009] vgaarb: loaded
[    0.694321] ACPI: bus type USB registered
[    0.696070] usbcore: registered new interface driver usbfs
[    0.700050] usbcore: registered new interface driver hub
[    0.704093] usbcore: registered new device driver usb
[    0.708213] EDAC MC: Ver: 3.0.0
[    0.710685] PCI: Using ACPI for IRQ routing
[    0.712617] NetLabel: Initializing
[    0.716012] NetLabel:  domain hash size = 128
[    0.720007] NetLabel:  protocols = UNLABELED CIPSOv4 CALIPSO
[    0.723261] NetLabel:  unlabeled traffic allowed by default
[    0.724241] clocksource: Switched to clocksource kvm-clock
[    0.784340] VFS: Disk quotas dquot_6.6.0
[    0.786075] VFS: Dquot-cache hash table entries: 512 (order 0, 4096 bytes)
[    0.789044] AppArmor: AppArmor Filesystem Enabled
[    0.791016] pnp: PnP ACPI init
[    0.796598] pnp: PnP ACPI: found 3 devices
[    0.813304] clocksource: acpi_pm: mask: 0xffffff max_cycles: 0xffffff, max_idle_ns: 2085701024 ns
[    0.817829] NET: Registered protocol family 2
[    0.820154] TCP established hash table entries: 65536 (order: 7, 524288 bytes)
[    0.829023] TCP bind hash table entries: 65536 (order: 8, 1048576 bytes)
[    0.833531] TCP: Hash tables configured (established 65536 bind 65536)
[    0.837151] UDP hash table entries: 4096 (order: 5, 131072 bytes)
[    0.840642] UDP-Lite hash table entries: 4096 (order: 5, 131072 bytes)
[    0.844588] NET: Registered protocol family 1
[    0.847744] pci 0000:00:00.0: Limiting direct PCI/PCI transfers
[    0.850632] pci 0000:00:01.0: Activating ISA DMA hang workarounds
[    0.853237] pci 0000:00:02.0: Video device with shadowed ROM at [mem 0x000c0000-0x000dffff]
[    0.856914] Unpacking initramfs...
[    1.888436] Freeing initrd memory: 19744K
[    1.891339] PCI-DMA: Using software bounce buffering for IO (SWIOTLB)
[    1.895581] software IO TLB: mapped [mem 0xdbff0000-0xdfff0000] (64MB)
[    1.899937] clocksource: tsc: mask: 0xffffffffffffffff max_cycles: 0x1fa3704c1a9, max_idle_ns: 440795296692 ns
[    1.904592] platform rtc_cmos: registered platform RTC device (no PNP device found)
[    1.913156] Scanning for low memory corruption every 60 seconds
[    1.917298] Initialise system trusted keyrings
[    1.919233] Key type blacklist registered
[    1.921205] workingset: timestamp_bits=36 max_order=21 bucket_order=0
[    1.927339] zbud: loaded
[    1.930110] squashfs: version 4.0 (2009/01/31) Phillip Lougher
[    1.933185] fuse init (API version 7.26)
[    1.941218] Key type asymmetric registered
[    1.942999] Asymmetric key parser 'x509' registered
[    1.945369] Block layer SCSI generic (bsg) driver version 0.4 loaded (major 246)
[    1.949558] io scheduler noop registered
[    1.951585] io scheduler deadline registered
[    1.953656] io scheduler cfq registered (default)
[    1.956387] ACPI: AC Adapter [AC] (on-line)
[    1.958319] input: Power Button as /devices/LNXSYSTM:00/LNXPWRBN:00/input/input0
[    1.961666] ACPI: Power Button [PWRF]
[    1.963764] input: Sleep Button as /devices/LNXSYSTM:00/LNXSLPBN:00/input/input1
[    1.967031] ACPI: Sleep Button [SLPF]
[    1.972457] Serial: 8250/16550 driver, 32 ports, IRQ sharing enabled
[    1.972575] ACPI: Battery Slot [BAT0] (battery present)
[    2.000427] 00:02: ttyS0 at I/O 0x3f8 (irq = 4, base_baud = 115200) is a 16550A
[    2.010864] Linux agpgart interface v0.103
[    2.021987] loop: module loaded
[    2.024997] scsi host0: ata_piix
[    2.026922] scsi host1: ata_piix
[    2.028707] ata1: PATA max UDMA/33 cmd 0x1f0 ctl 0x3f6 bmdma 0xd000 irq 14
[    2.032346] ata2: PATA max UDMA/33 cmd 0x170 ctl 0x376 bmdma 0xd008 irq 15
[    2.035805] libphy: Fixed MDIO Bus: probed
[    2.038058] tun: Universal TUN/TAP device driver, 1.6
[    2.040414] PPP generic driver version 2.4.2
[    2.042873] ehci_hcd: USB 2.0 'Enhanced' Host Controller (EHCI) Driver
[    2.045574] ehci-pci: EHCI PCI platform driver
[    2.048218] ehci-platform: EHCI generic platform driver
[    2.050995] ohci_hcd: USB 1.1 'Open' Host Controller (OHCI) Driver
[    2.053579] ohci-pci: OHCI PCI platform driver
[    2.055489] ohci-platform: OHCI generic platform driver
[    2.057840] uhci_hcd: USB Universal Host Controller Interface driver
[    2.060700] i8042: PNP: PS/2 Controller [PNP0303:PS2K,PNP0f03:PS2M] at 0x60,0x64 irq 1,12
[    2.066169] serio: i8042 KBD port at 0x60,0x64 irq 1
[    2.069498] serio: i8042 AUX port at 0x60,0x64 irq 12
[    2.071928] mousedev: PS/2 mouse device common for all mice
[    2.075542] input: AT Translated Set 2 keyboard as /devices/platform/i8042/serio0/input/input2
[    2.076118] rtc_cmos rtc_cmos: rtc core: registered rtc_cmos as rtc0
[    2.085994] rtc_cmos rtc_cmos: alarms up to one day, 114 bytes nvram
[    2.088562] i2c /dev entries driver
[    2.090359] device-mapper: uevent: version 1.0.3
[    2.092718] device-mapper: ioctl: 4.37.0-ioctl (2017-09-20) initialised: dm-devel@redhat.com
[    2.097030] ledtrig-cpu: registered to indicate activity on CPUs
[    2.101656] NET: Registered protocol family 10
[    2.114689] Segment Routing with IPv6
[    2.116343] NET: Registered protocol family 17
[    2.118459] Key type dns_resolver registered
[    2.121069] mce: Using 0 MCE banks
[    2.122898] RAS: Correctable Errors collector initialized.
[    2.125309] sched_clock: Marking stable (2125282236, 0)->(6384381056, -4259098820)
[    2.130489] registered taskstats version 1
[    2.132323] Loading compiled-in X.509 certificates
[    2.139850] Loaded X.509 cert 'Build time autogenerated kernel key: 993aedfcb7091aab7364eeb95e85a8dab512d887'
[    2.144065] zswap: loaded using pool lzo/zbud
[    2.160679] Key type big_key registered
[    2.162386] Key type trusted registered
[    2.169542] Key type encrypted registered
[    2.171287] AppArmor: AppArmor sha1 policy hashing enabled
[    2.173583] ima: No TPM chip found, activating TPM-bypass! (rc=-19)
[    2.176133] ima: Allocated hash algorithm: sha1
[    2.178193] evm: HMAC attrs: 0x1
[    2.180513]   Magic number: 4:78:759
[    2.182314] rtc_cmos rtc_cmos: setting system clock to 2020-09-11 00:47:31 UTC (1599785251)
[    2.186358] BIOS EDD facility v0.16 2004-Jun-25, 0 devices found
[    2.189211] EDD information not available.
[    3.044734] Freeing unused kernel image memory: 2436K
[    3.064081] Write protecting the kernel read-only data: 20480k
[    3.069661] Freeing unused kernel image memory: 2008K
[    3.073583] Freeing unused kernel image memory: 1872K
[    3.120651] x86/mm: Checked W+X mappings: passed, no W+X pages found.
[    3.123738] x86/mm: Checking user space page tables
[    3.169741] x86/mm: Checked W+X mappings: passed, no W+X pages found.
Loading, please wait...
starting version 237
[    3.383083] e1000: Intel(R) PRO/1000 Network Driver - version 7.3.21-k8-NAPI
[    3.387046] e1000: Copyright (c) 1999-2006 Intel Corporation.
[    3.400891] Fusion MPT base driver 3.04.20
[    3.404549] Copyright (c) 1999-2008 LSI Corporation
[    3.515166] AVX2 version of gcm_enc/dec engaged.
[    3.517955] AES CTR mode by8 optimization enabled
[    3.538568] Fusion MPT SPI Host driver 3.04.20
[    3.645780] input: ImExPS/2 Generic Explorer Mouse as /devices/platform/i8042/serio1/input/input4
[    4.064904] e1000 0000:00:03.0 eth0: (PCI:33MHz:32-bit) 02:95:95:10:ca:f7
[    4.070844] e1000 0000:00:03.0 eth0: Intel(R) PRO/1000 Network Connection
[    4.081639] mptbase: ioc0: Initiating bringup
[    4.177326] ioc0: LSI53C1030 A0: Capabilities={Initiator}
[    4.427442] scsi host2: ioc0: LSI53C1030 A0, FwRev=00000000h, Ports=1, MaxQ=256, IRQ=20
[    4.605488] scsi 2:0:0:0: Direct-Access     VBOX     HARDDISK         1.0  PQ: 0 ANSI: 5
[    5.168119] scsi target2:0:0: Beginning Domain Validation
[    5.173653] scsi target2:0:0: Domain Validation skipping write tests
[    5.177290] scsi target2:0:0: Ending Domain Validation
[    5.180970] scsi target2:0:0: asynchronous
[    5.183643] random: fast init done
[    5.186371] scsi 2:0:1:0: Direct-Access     VBOX     HARDDISK         1.0  PQ: 0 ANSI: 5
[    5.452826] scsi target2:0:1: Beginning Domain Validation
[    5.458873] scsi target2:0:1: Domain Validation skipping write tests
[    5.462474] scsi target2:0:1: Ending Domain Validation
[    5.466820] scsi target2:0:1: asynchronous
[    5.476615] random: systemd-udevd: uninitialized urandom read (16 bytes read)
[    5.479632] sd 2:0:0:0: Attached scsi generic sg0 type 0
[    5.479842] e1000 0000:00:08.0 eth1: (PCI:33MHz:32-bit) 08:00:27:6e:68:46
[    5.479849] e1000 0000:00:08.0 eth1: Intel(R) PRO/1000 Network Connection
[    5.483026] random: systemd-udevd: uninitialized urandom read (16 bytes read)
[    5.483035] random: systemd-udevd: uninitialized urandom read (16 bytes read)
[    5.493181] e1000 0000:00:03.0 enp0s3: renamed from eth0
[    5.495506] sd 2:0:1:0: Attached scsi generic sg1 type 0
[    5.495536] sd 2:0:0:0: [sda] 629145600 512-byte logical blocks: (322 GB/300 GiB)
[    5.499730] sd 2:0:0:0: [sda] Write Protect is off
[    5.505305] sd 2:0:1:0: [sdb] 20480 512-byte logical blocks: (10.5 MB/10.0 MiB)
[    5.517735] sd 2:0:1:0: [sdb] Write Protect is off
[    5.520948] sd 2:0:0:0: [sda] Incomplete mode parameter data
[    5.536125] sd 2:0:0:0: [sda] Assuming drive cache: write through
[    5.538801]  sda: sda1
[    5.545651] sd 2:0:1:0: [sdb] Incomplete mode parameter data
[    5.548831] e1000 0000:00:08.0 enp0s8: renamed from eth1
[    5.551631] sd 2:0:1:0: [sdb] Assuming drive cache: write through
[    5.578912] sd 2:0:0:0: [sda] Attached SCSI disk
[    5.594025] sd 2:0:1:0: [sdb] Attached SCSI disk
Begin: Loading essential drivers ... [    8.268409] raid6: sse2x1   gen()  2114 MB/s
[    8.316291] raid6: sse2x1   xor()  1283 MB/s
[    8.364178] raid6: sse2x2   gen()  3802 MB/s
[    8.412912] raid6: sse2x2   xor()  1801 MB/s
[    8.466158] raid6: sse2x4   gen()  3615 MB/s
[    8.516413] raid6: sse2x4   xor()  2024 MB/s
[    8.564651] raid6: avx2x1   gen()  3782 MB/s
[    8.612215] raid6: avx2x1   xor()  1685 MB/s
[    8.660871] raid6: avx2x2   gen()  7322 MB/s
[    8.708736] raid6: avx2x2   xor()  4478 MB/s
[    8.756608] raid6: avx2x4   gen()  7368 MB/s
[    8.808362] raid6: avx2x4   xor()  3318 MB/s
[    8.810301] raid6: using algorithm avx2x4 gen() 7368 MB/s
[    8.813899] raid6: .... xor() 3318 MB/s, rmw enabled
[    8.819118] raid6: using avx2x2 recovery algorithm
[    8.827874] xor: automatically using best checksumming function   avx       
[    8.834867] async_tx: api initialized (async)
done.
Begin: Running /scripts/init-premount ... done.
Begin: Mounting root file system ... Begin: Running /scripts/local-top ... done.
Begin: Running /scripts/local-premount ... [    8.978230] Btrfs loaded, crc32c=crc32c-intel
Scanning for Btrfs filesystems
done.
Warning: fsck not present, so skipping root file system
[    9.072186] EXT4-fs (sda1): mounted filesystem with ordered data mode. Opts: (null)
done.
Begin: Running /scripts/local-bottom ... done.
Begin: Running /scripts/init-bottom ... done.
[    9.844023] ip_tables: (C) 2000-2006 Netfilter Core Team
[    9.868064] systemd[1]: systemd 237 running in system mode. (+PAM +AUDIT +SELINUX +IMA +APPARMOR +SMACK +SYSVINIT +UTMP +LIBCRYPTSETUP +GCRYPT +GNUTLS +ACL +XZ +LZ4 +SECCOMP +BLKID +ELFUTILS +KMOD -IDN2 +IDN -PCRE2 default-hierarchy=hybrid)
[    9.878524] systemd[1]: Detected virtualization oracle.
[    9.883524] systemd[1]: Detected architecture x86-64.

Welcome to [1mUbuntu 18.04.5 LTS[0m!

[    9.908873] systemd[1]: Set hostname to <ubuntu-bionic>.
[   10.530890] systemd[1]: Reached target System Time Synchronized.
[[0;32m  OK  [0m] Reached target System Time Synchronized.
[   10.542798] systemd[1]: Created slice System Slice.
[[0;32m  OK  [0m] Created slice System Slice.
[   10.547085] systemd[1]: Listening on Network Service Netlink Socket.
[[0;32m  OK  [0m] Listening on Network Service Netlink Socket.
[   10.552046] systemd[1]: Listening on Syslog Socket.
[[0;32m  OK  [0m] Listening on Syslog Socket.
[   10.723342] systemd[1]: Created slice User and Session Slice.
[[0;32m  OK  [0m] Created slice User and Session Slice.
[   10.731864] systemd[1]: Listening on LVM2 poll daemon socket.
[[0;32m  OK  [0m] Listening on LVM2 poll daemon socket.
[[0;32m  OK  [0m] Listening on Journal Audit Socket.
[[0;32m  OK  [0m] Listening on udev Control Socket.
[[0;32m  OK  [0m] Reached target Slices.
[[0;32m  OK  [0m] Started Forward Password Requests to Wall Directory Watch.
[[0;32m  OK  [0m] Listening on Device-mapper event daemon FIFOs.
[[0;32m  OK  [0m] Listening on /dev/initctl Compatibility Named Pipe.
[[0;32m  OK  [0m] Listening on LVM2 metadata daemon socket.
[[0;32m  OK  [0m] Reached target Swap.
[[0;32m  OK  [0m] Set up automount Arbitrary Executab…rmats File System Automount Point.
[[0;32m  OK  [0m] Listening on udev Kernel Socket.
[[0;32m  OK  [0m] Created slice system-serial\x2dgetty.slice.
[[0;32m  OK  [0m] Listening on Journal Socket.
         Starting Load Kernel Modules...
         Starting udev Coldplug all Devices...
         Starting Remount Root and Kernel File Systems...
         Mounting POSIX Message Queue File System...
         Starting Uncomplicated firewall...
[   11.507137] Loading iSCSI transport class v2.0-870.
         Mounting Kernel Debug File System...
         Starting Create list of required st…ce nodes for the current kernel...
         Starting Set the console keyboard layout...
[   11.551823] iscsi: registered transport (tcp)
[[0;32m  OK  [0m] Listening on Journal Socket (/dev/log).
         Starting Journal Service...
         Mounting Huge Pages File System...
         Starting Monitoring of LVM2 mirrors…ng dmeventd or progress polling...
[[0;32m  OK  [0m] Reached target User and Group Name Lookups.
[   11.596992] EXT4-fs (sda1): re-mounted. Opts: (null)
[[0;32m  OK  [0m] Mounted POSIX Message Queue File System.
[[0;32m  OK  [0m] Started Remount Root and Kernel File Systems.
[[0;32m  OK  [0m] Started Uncomplicated firewall.
[[0;32m  OK  [0m] Mounted Kernel Debug File System.
[   11.633673] iscsi: registered transport (iser)
[[0;32m  OK  [0m] Started Create list of required sta…vice nodes for the current kernel.
[[0;32m  OK  [0m] Started Load Kernel Modules.
[[0;32m  OK  [0m] Mounted Huge Pages File System.
         Mounting FUSE Control File System...
         Starting Apply Kernel Variables...
         Mounting Kernel Configuration File System...
         Starting Create Static Device Nodes in /dev...
         Starting Load/Save Random Seed...
[[0;32m  OK  [0m] Started Journal Service.
[[0;32m  OK  [0m] Started udev Coldplug all Devices.
[[0;32m  OK  [0m] Mounted FUSE Control File System.
[[0;32m  OK  [0m] Mounted Kernel Configuration File System.
[[0;32m  OK  [0m] Started Create Static Device Nodes in /dev.
         Starting udev Kernel Device Manager...
         Starting Flush Journal to Persistent Storage...
[[0;32m  OK  [0m] Started Apply Kernel Variables.
[[0;32m  OK  [0m] Started LVM2 metadata daemon.
[[0;32m  OK  [0m] Started udev Kernel Device Manager.
[[0;32m  OK  [0m] Started Load/Save Random Seed.
[[0;32m  OK  [0m] Started Monitoring of LVM2 mirrors,…sing dmeventd or progress polling.
[[0;32m  OK  [0m] Started Flush Journal to Persistent Storage.
[[0;32m  OK  [0m] Started Set the console keyboard layout.
[[0;32m  OK  [0m] Started Dispatch Password Requests to Console Directory Watch.
[[0;32m  OK  [0m] Reached target Local Encrypted Volumes.
[[0;32m  OK  [0m] Reached target Local File Systems (Pre).
[[0;32m  OK  [0m] Reached target Local File Systems.
         Starting AppArmor initialization...
         Starting ebtables ruleset management...
         Starting Set console font and keymap...
         Starting Tell Plymouth To Write Out Runtime Data...
         Starting Create Volatile Files and Directories...
[[0;32m  OK  [0m] Started Tell Plymouth To Write Out Runtime Data.
[[0;32m  OK  [0m] Started Set console font and keymap.
[[0;32m  OK  [0m] Started Create Volatile Files and Directories.
[[0;32m  OK  [0m] Found device /dev/ttyS0.
         Starting Update UTMP about System Boot/Shutdown...
[[0;32m  OK  [0m] Listening on Load/Save RF Kill Switch Status /dev/rfkill Watch.
[[0;32m  OK  [0m] Started ebtables ruleset management.
[[0;32m  OK  [0m] Started Update UTMP about System Boot/Shutdown.
[[0;32m  OK  [0m] Started AppArmor initialization.
         Starting Load AppArmor profiles managed internally by snapd...
         Starting Initial cloud-init job (pre-networking)...
[[0;32m  OK  [0m] Started Load AppArmor profiles managed internally by snapd.
[   16.238832] cloud-init[586]: Cloud-init v. 20.2-45-g5f7825e2-0ubuntu1~18.04.1 running 'init-local' at Fri, 11 Sep 2020 00:47:45 +0000. Up 15.72 seconds.
[[0;32m  OK  [0m] Started Initial cloud-init job (pre-networking).
[[0;32m  OK  [0m] Reached target Network (Pre).
         Starting Network Service...
[[0;32m  OK  [0m] Started Network Service.
         Starting Network Name Resolution...
         Starting Wait for Network to be Configured...
[[0;32m  OK  [0m] Started Network Name Resolution.
[[0;32m  OK  [0m] Reached target Network.
[[0;32m  OK  [0m] Reached target Host and Network Name Lookups.
[[0;32m  OK  [0m] Started Wait for Network to be Configured.
         Starting Initial cloud-init job (metadata service crawler)...
[   20.637109] cloud-init[705]: Cloud-init v. 20.2-45-g5f7825e2-0ubuntu1~18.04.1 running 'init' at Fri, 11 Sep 2020 00:47:49 +0000. Up 20.11 seconds.
[   20.642839] cloud-init[705]: ci-info: ++++++++++++++++++++++++++++++++++++++Net device info+++++++++++++++++++++++++++++++++++++++
[   20.646462] cloud-init[705]: ci-info: +--------+------+-----------------------------+---------------+--------+-------------------+
[   20.660403] cloud-init[705]: ci-info: | Device |  Up  |           Address           |      Mask     | Scope  |     Hw-Address    |
[   20.664604] cloud-init[705]: ci-info: +--------+------+-----------------------------+---------------+--------+-------------------+
[   20.670214] cloud-init[705]: ci-info: | enp0s3 | True |          10.0.2.15          | 255.255.255.0 | global | 02:95:95:10:ca:f7 |
[   20.674209] cloud-init[705]: ci-info: | enp0s3 | True |  fe80::95:95ff:fe10:caf7/64 |       .       |  link  | 02:95:95:10:ca:f7 |
[   20.678431] cloud-init[705]: ci-info: | enp0s8 | True |        192.168.33.110       | 255.255.255.0 | global | 08:00:27:6e:68:46 |
[   20.685149] cloud-init[705]: ci-info: | enp0s8 | True | fe80::a00:27ff:fe6e:6846/64 |       .       |  link  | 08:00:27:6e:68:46 |
[   20.689236] cloud-init[705]: ci-info: |   lo   | True |          127.0.0.1          |   255.0.0.0   |  host  |         .         |
[   20.692115] cloud-init[705]: ci-info: |   lo   | True |           ::1/128           |       .       |  host  |         .         |
[   20.701900] cloud-init[705]: ci-info: +--------+------+-----------------------------+---------------+--------+-------------------+
[   20.706023] cloud-init[705]: ci-info: +++++++++++++++++++++++++++++Route IPv4 info+++++++++++++++++++++++++++++
[   20.709481] cloud-init[705]: ci-info: +-------+--------------+----------+-----------------+-----------+-------+
[   20.712820] cloud-init[705]: ci-info: | Route | Destination  | Gateway  |     Genmask     | Interface | Flags |
[   20.716725] cloud-init[705]: ci-info: +-------+--------------+----------+-----------------+-----------+-------+
[   20.721690] cloud-init[705]: ci-info: |   0   |   0.0.0.0    | 10.0.2.2 |     0.0.0.0     |   enp0s3  |   UG  |
[   20.725542] cloud-init[705]: ci-info: |   1   |   10.0.2.0   | 0.0.0.0  |  255.255.255.0  |   enp0s3  |   U   |
[   20.729010] cloud-init[705]: ci-info: |   2   |   10.0.2.2   | 0.0.0.0  | 255.255.255.255 |   enp0s3  |   UH  |
[   20.732715] cloud-init[705]: ci-info: |   3   | 192.168.33.0 | 0.0.0.0  |  255.255.255.0  |   enp0s8  |   U   |
[   20.737260] cloud-init[705]: ci-info: +-------+--------------+----------+-----------------+-----------+-------+
[   20.741010] cloud-init[705]: ci-info: +++++++++++++++++++Route IPv6 info+++++++++++++++++++
[   20.743958] cloud-init[705]: ci-info: +-------+-------------+---------+-----------+-------+
[   20.747634] cloud-init[705]: ci-info: | Route | Destination | Gateway | Interface | Flags |
[   20.751672] cloud-init[705]: ci-info: +-------+-------------+---------+-----------+-------+
[   20.754565] cloud-init[705]: ci-info: |   1   |  fe80::/64  |    ::   |   enp0s3  |   U   |
[   20.764093] cloud-init[705]: ci-info: |   2   |  fe80::/64  |    ::   |   enp0s8  |   U   |
[   20.771082] cloud-init[705]: ci-info: |   4   |    local    |    ::   |   enp0s3  |   U   |
[   20.774065] cloud-init[705]: ci-info: |   5   |    local    |    ::   |   enp0s8  |   U   |
[   20.788845] cloud-init[705]: ci-info: |   6   |   ff00::/8  |    ::   |   enp0s3  |   U   |
[   20.792756] cloud-init[705]: ci-info: |   7   |   ff00::/8  |    ::   |   enp0s8  |   U   |
[   20.796447] cloud-init[705]: ci-info: +-------+-------------+---------+-----------+-------+
[[0;32m  OK  [0m] Started Initial cloud-init job (metadata service crawler).
[[0;32m  OK  [0m] Reached target Network is Online.
         Starting Availability of block devices...
[[0;32m  OK  [0m] Reached target Remote File Systems (Pre).
[[0;32m  OK  [0m] Reached target Remote File Systems.
[[0;32m  OK  [0m] Reached target Cloud-config availability.
[[0;32m  OK  [0m] Reached target System Initialization.
[[0;32m  OK  [0m] Listening on UUID daemon activation socket.
[[0;32m  OK  [0m] Started Daily Cleanup of Temporary Directories.
[[0;32m  OK  [0m] Listening on Open-iSCSI iscsid Socket.
         Starting LXD - unix socket.
         Starting Socket activation for snappy daemon.
[[0;32m  OK  [0m] Started Discard unused blocks once a week.
[[0;32m  OK  [0m] Started Message of the Day.
[[0;32m  OK  [0m] Listening on ACPID Listen Socket.
         Starting Docker Socket for the API.
[[0;32m  OK  [0m] Started ACPI Events Check.
[[0;32m  OK  [0m] Reached target Paths.
[[0;32m  OK  [0m] Started Daily apt download activities.
[[0;32m  OK  [0m] Started Daily apt upgrade and clean activities.
[[0;32m  OK  [0m] Reached target Timers.
[[0;32m  OK  [0m] Listening on D-Bus System Message Bus Socket.
[[0;32m  OK  [0m] Started Availability of block devices.
[[0;32m  OK  [0m] Listening on LXD - unix socket.
[[0;32m  OK  [0m] Listening on Socket activation for snappy daemon.
[[0;32m  OK  [0m] Listening on Docker Socket for the API.
[[0;32m  OK  [0m] Reached target Sockets.
[[0;32m  OK  [0m] Reached target Basic System.
         Starting Login Service...
[[0;32m  OK  [0m] Started D-Bus System Message Bus.
         Starting Virtualbox guest utils...
         Starting LSB: Record successful boot for GRUB...
         Starting Message of the Day...
[[0;32m  OK  [0m] Started irqbalance daemon.
         Starting LSB: automatic crash report generation...
         Starting OpenBSD Secure Shell server...
         Starting Permit User Sessions...
         Starting Accounts Service...
         Starting containerd container runtime...
         Starting Dispatcher daemon for systemd-networkd...
[[0;32m  OK  [0m] Started Deferred execution scheduler.
[[0;32m  OK  [0m] Started FUSE filesystem for LXC.
         Starting System Logging Service...
         Starting Snap Daemon...
[[0;32m  OK  [0m] Started Regular background program processing daemon.
         Starting LXD - container startup/shutdown...
[[0;32m  OK  [0m] Started System Logging Service.
[[0;32m  OK  [0m] Started Permit User Sessions.
[[0;32m  OK  [0m] Started containerd container runtime.
[[0;32m  OK  [0m] Started OpenBSD Secure Shell server.
[[0;32m  OK  [0m] Started Login Service.
         Starting Authorization Manager...
[[0;32m  OK  [0m] Started Unattended Upgrades Shutdown.
         Starting Docker Application Container Engine...
         Starting Hold until boot process finishes up...
         Starting Terminate Plymouth Boot Screen...
[[0;32m  OK  [0m] Started Hold until boot process finishes up.
         Starting Set console scheme...
[[0;32m  OK  [0m] Started Serial Getty on ttyS0.
[[0;32m  OK  [0m] Started LSB: automatic crash report generation.
[[0;32m  OK  [0m] Started Terminate Plymouth Boot Screen.
[[0;32m  OK  [0m] Started Set console scheme.
[[0;32m  OK  [0m] Created slice system-getty.slice.
[[0;32m  OK  [0m] Started Getty on tty1.
[[0;32m  OK  [0m] Reached target Login Prompts.
[[0;32m  OK  [0m] Started LSB: Record successful boot for GRUB.
[[0;32m  OK  [0m] Started Authorization Manager.
[[0;32m  OK  [0m] Started Accounts Service.
[[0;32m  OK  [0m] Created slice User Slice of vagrant.
[[0;32m  OK  [0m] Started Virtualbox guest utils.
         Starting User Manager for UID 1000...
[[0;32m  OK  [0m] Started Session 1 of user vagrant.
[[0;32m  OK  [0m] Started Dispatcher daemon for systemd-networkd.
[[0;32m  OK  [0m] Started LXD - container startup/shutdown.
[[0;32m  OK  [0m] Started User Manager for UID 1000.
[[0;32m  OK  [0m] Started Snap Daemon.
         Starting Wait until snapd is fully seeded...
[[0;32m  OK  [0m] Started Wait until snapd is fully seeded.
         Starting Apply the settings specified in cloud-config...
[[0;32m  OK  [0m] Started Message of the Day.
[   28.889645] cloud-init[1274]: Cloud-init v. 20.2-45-g5f7825e2-0ubuntu1~18.04.1 running 'modules:config' at Fri, 11 Sep 2020 00:47:57 +0000. Up 28.27 seconds.

Ubuntu 18.04.5 LTS ubuntu-bionic ttyS0

ubuntu-bionic login: [   33.631038] cloud-init[1643]: Cloud-init v. 20.2-45-g5f7825e2-0ubuntu1~18.04.1 running 'modules:final' at Fri, 11 Sep 2020 00:48:01 +0000. Up 32.57 seconds.
[   33.631352] cloud-init[1643]: Cloud-init v. 20.2-45-g5f7825e2-0ubuntu1~18.04.1 finished at Fri, 11 Sep 2020 00:48:02 +0000. Datasource DataSourceNoCloud [seed=/dev/sdb][dsmode=net].  Up 33.57 seconds
[[0;32m  OK  [0m] Stopped Unattended Upgrades Shutdown.
[[0;32m  OK  [0m] Stopped target Graphical Interface.
[[0;32m  OK  [0m] Closed Load/Save RF Kill Switch Status /dev/rfkill Watch.
[[0;32m  OK  [0m] Stopped target Host and Network Name Lookups.
         Stopping Availability of block devices...
[[0;32m  OK  [0m] Stopped target Cloud-init target.
[[0;32m  OK  [0m] Stopped Execute cloud user/final scripts.
[[0;32m  OK  [0m] Stopped Apply the settings specified in cloud-config.
[[0;32m  OK  [0m] Stopped target Cloud-config availability.
[[0;32m  OK  [0m] Stopped target Timers.
[[0;32m  OK  [0m] Stopped Discard unused blocks once a week.
[[0;32m  OK  [0m] Stopped Message of the Day.
         Stopping User Manager for UID 1000...
[[0;32m  OK  [0m] Stopped Daily apt upgrade and clean activities.
         Stopping Session 17 of user vagrant.
[[0;32m  OK  [0m] Stopped Daily Cleanup of Temporary Directories.
[[0;32m  OK  [0m] Stopped Daily apt download activities.
[[0;32m  OK  [0m] Stopped target System Time Synchronized.
         Stopping Accounts Service...
         Stopping Authorization Manager...
[[0;32m  OK  [0m] Stopped target Multi-User System.
         Stopping Deferred execution scheduler...
         Stopping irqbalance daemon...
         Stopping Regular background program processing daemon...
         Stopping Virtualbox guest utils...
         Sto
         Stopping LSB: Record successful boot for GRUB...
[[0;32m  OK  [0m] Unmounted /var/lib/lxcfs.
[[0;32m  OK  [0m] Stopped irqbalance daemon.
[[0;32m  OK  [0m] Stopped Dispatcher daemon for systemd-networkd.
[[0;32m  OK  [0m] Stopped Deferred execution scheduler.
[[0;32m  OK  [0m] Stopped System Logging Service.
[[0;32m  OK  [0m] Stopped Regular background program processing daemon.
[[0;32m  OK  [0m] Stopped OpenBSD Secure Shell server.
[[0;32m  OK  [0m] Stopped Accounts Service.
[[0;32m  OK  [0m] Stopped Authorization Manager.
[[0;32m  OK  [0m] Stopped Serial Getty on ttyS0.
[[0;32m  OK  [0m] Stopped Docker Application Container Engine.
[[0;32m  OK  [0m] Stopped Getty on tty1.
[[0;32m  OK  [0m] Stopped User Manager for UID 1000.
[[0;32m  OK  [0m] Stopped Availability of block devices.
[[0;32m  OK  [0m] Stopped D-Bus System Message Bus.
[[0;32m  OK  [0m] Stopped FUSE filesystem for LXC.
[[0;32m  OK  [0m] Stopped Session 17 of user vagrant.
[[0;32m  OK  [0m] Stopped LXD - container startup/shutdown.
[[0;32m  OK  [0m] Removed slice User Slice of vagrant.
         Stopping Login Service...
[[0;32m  OK  [0m] Removed slice system-getty.slice.
[[0;32m  OK  [0m] Stopped target Network is Online.
         Stopping containerd container runtime...
[[0;32m  OK  [0m] Removed slice system-serial\x2dgetty.slice.
         Stopping Permit User Sessions...
[[0;32m  OK  [0m] Stopped containerd container runtime.
[[0;32m  OK  [0m] Stopped Virtualbox guest utils.
[[0;32m  OK  [0m] Stopped LSB: automatic crash report generation.
[[0;32m  OK  [0m] Stopped LSB: Record successful boot for GRUB.
[[0;32m  OK  [0m] Stopped Permit User Sessions.
[[0;32m  OK  [0m] Stopped target Remote File Systems.
[[0;32m  OK  [0m] Stopped target Remote File Systems (Pre).
[[0;32m  OK  [0m] Stopped target Network.
         Stopping Network Name Resolution...
[[0;32m  OK  [0m] Stopped Login Service.
[[0;32m  OK  [0m] Stopped target User and Group Name Lookups.
[[0;32m  OK  [0m] Stopped target Basic System.
[[0;32m  OK  [0m] Stopped target Slices.
[[0;32m  OK  [0m] Stopped target Sockets.
[[0;32m  OK  [0m] Closed Socket activation for snappy daemon.
[[0;32m  OK  [0m] Closed Open-iSCSI iscsid Socket.
[[0;32m  OK  [0m] Closed Syslog Socket.
[[0;32m  OK  [0m] Closed ACPID Listen Socket.
[[0;32m  OK  [0m] Closed LXD - unix socket.
[[0;32m  OK  [0m] Closed UUID daemon activation socket.
[[0;32m  OK  [0m] Closed Docker Socket for the API.
[[0;32m  OK  [0m] Stopped target Paths.
[[0;32m  OK  [0m] Stopped ACPI Events Check.
[[0;32m  OK  [0m] Removed slice User and Session Slice.
[[0;32m  OK  [0m] Closed D-Bus System Message Bus Socket.
[[0;32m  OK  [0m] Stopped target System Initialization.
[[0;32m  OK  [0m] Stopped Initial cloud-init job (metadata service crawler).
         Stopping Load/Save Random Seed...
         Stopping Update UTMP about System Boot/Shutdown...
[[0;32m  OK  [0m] Stopped target Local Encrypted Volumes.
[[0;32m  OK  [0m] Stopped Forward Password Requests to Wall Directory Watch.
[[0;32m  OK  [0m] Stopped Dispatch Password Requests to Console Directory Watch.
[[0;32m  OK  [0m] Stopped Network Name Resolution.
[[0;32m  OK  [0m] Stopped Load/Save Random Seed.
         Stopping Network Service...
[[0;32m  OK  [0m] Stopped Update UTMP about System Boot/Shutdown.
[[0;32m  OK  [0m] Stopped Create Volatile Files and Directories.
[[0;32m  OK  [0m] Stopped target Local File Systems.
         Unmounting /vagrant...
         Unmounting /home/vagrant/working...
         Unmounting /run/user/1000...
[[0;32m  OK  [0m] Unmounted /home/vagrant/working.
[[0;32m  OK  [0m] Unmounted /vagrant.
[[0;32m  OK  [0m] Unmounted /run/user/1000.
[[0;32m  OK  [0m] Stopped Network Service.
[[0;32m  OK  [0m] Stopped target Network (Pre).
[[0;32m  OK  [0m] Stopped Initial cloud-init job (pre-networking).
[[0;32m  OK  [0m] Stopped Apply Kernel Variables.
[[0;32m  OK  [0m] Stopped Load Kernel Modules.
[[0;32m  OK  [0m] Stopped target Swap.
[[0;32m  OK  [0m] Reached target Unmount All Filesystems.
[[0;32m  OK  [0m] Stopped target Local File Systems (Pre).
         Stopping Monitoring of LVM2 mirrors…ng dmeventd or progress polling...
[[0;32m  OK  [0m] Stopped Remount Root and Kernel File Systems.
[[0;32m  OK  [0m] Stopped Create Static Device Nodes in /dev.
[[0;32m  OK  [0m] Reached target Shutdown.
[[0;32m  OK  [0m] Reached target Final Step.
         Starting Power-Off...
[[0;32m  OK  [0m] Stopped Monitoring of LVM2 mirrors,…sing dmeventd or progress polling.
         Stopping LVM2 metadata daemon...
[[0;32m  OK  [0m] Stopped LVM2 metadata daemon.
[29274.879616] reboot: Power down
